[NX v20.8.1 Daemon Server] - 2025-04-26T18:14:33.831Z - Started listening on: \\.\pipe\nx\C:\Users\Ian\AppData\Local\Temp\fe5286ad9f2723eae28a\d.sock
[NX v20.8.1 Daemon Server] - 2025-04-26T18:14:33.835Z - [WATCHER]: Subscribed to changes within: F:\Car-Go-CZ-1 (native)
[NX v20.8.1 Daemon Server] - 2025-04-26T18:14:33.844Z - Established a connection. Number of open connections: 1
[NX v20.8.1 Daemon Server] - 2025-04-26T18:14:33.845Z - Established a connection. Number of open connections: 2
[NX v20.8.1 Daemon Server] - 2025-04-26T18:14:33.847Z - Closed a connection. Number of open connections: 1
[NX v20.8.1 Daemon Server] - 2025-04-26T18:14:33.849Z - [REQUEST]: Responding to the client. Shutdown initiated
[NX v20.8.1 Daemon Server] - 2025-04-26T18:14:33.850Z - Done responding to the client Shutdown initiated
[NX v20.8.1 Daemon Server] - 2025-04-26T18:14:33.850Z - Handled FORCE_SHUTDOWN. Handling time: 0. Response time: 1.
[NX v20.8.1 Daemon Server] - 2025-04-26T18:14:33.851Z - [WATCHER]: Stopping the watcher for F:\Car-Go-CZ-1 (sources)
[NX v20.8.1 Daemon Server] - 2025-04-26T18:14:33.851Z - Closed a connection. Number of open connections: 0
[NX v20.8.1 Daemon Server] - 2025-04-26T18:14:33.851Z - [WATCHER]: Stopping the watcher for F:\Car-Go-CZ-1 (outputs)
[NX v20.8.1 Daemon Server] - 2025-04-26T18:14:33.853Z - Server stopped because: "Request to shutdown"
[NX v20.8.1 Daemon Server] - 2025-04-26T18:16:25.882Z - Started listening on: \\.\pipe\nx\C:\Users\Ian\AppData\Local\Temp\fe5286ad9f2723eae28a\d.sock
[NX v20.8.1 Daemon Server] - 2025-04-26T18:16:25.893Z - [WATCHER]: Subscribed to changes within: F:\Car-Go-CZ-1 (native)
[NX v20.8.1 Daemon Server] - 2025-04-26T18:16:25.894Z - Established a connection. Number of open connections: 1
[NX v20.8.1 Daemon Server] - 2025-04-26T18:16:25.895Z - Established a connection. Number of open connections: 2
[NX v20.8.1 Daemon Server] - 2025-04-26T18:16:25.896Z - Closed a connection. Number of open connections: 1
[NX v20.8.1 Daemon Server] - 2025-04-26T18:16:25.898Z - [REQUEST]: Responding to the client. Shutdown initiated
[NX v20.8.1 Daemon Server] - 2025-04-26T18:16:25.899Z - Done responding to the client Shutdown initiated
[NX v20.8.1 Daemon Server] - 2025-04-26T18:16:25.899Z - Handled FORCE_SHUTDOWN. Handling time: 0. Response time: 1.
[NX v20.8.1 Daemon Server] - 2025-04-26T18:16:25.900Z - [WATCHER]: Stopping the watcher for F:\Car-Go-CZ-1 (sources)
[NX v20.8.1 Daemon Server] - 2025-04-26T18:16:25.900Z - Closed a connection. Number of open connections: 0
[NX v20.8.1 Daemon Server] - 2025-04-26T18:16:25.900Z - [WATCHER]: Stopping the watcher for F:\Car-Go-CZ-1 (outputs)
[NX v20.8.1 Daemon Server] - 2025-04-26T18:16:25.901Z - Server stopped because: "Request to shutdown"
[NX v20.8.1 Daemon Server] - 2025-04-26T18:21:07.790Z - Started listening on: \\.\pipe\nx\C:\Users\Ian\AppData\Local\Temp\fe5286ad9f2723eae28a\d.sock
[NX v20.8.1 Daemon Server] - 2025-04-26T18:21:07.794Z - [WATCHER]: Subscribed to changes within: F:\Car-Go-CZ-1 (native)
[NX v20.8.1 Daemon Server] - 2025-04-26T18:21:07.824Z - Established a connection. Number of open connections: 1
[NX v20.8.1 Daemon Server] - 2025-04-26T18:21:07.825Z - Established a connection. Number of open connections: 2
[NX v20.8.1 Daemon Server] - 2025-04-26T18:21:07.828Z - Closed a connection. Number of open connections: 1
[NX v20.8.1 Daemon Server] - 2025-04-26T18:21:07.831Z - [REQUEST]: Responding to the client. Shutdown initiated
[NX v20.8.1 Daemon Server] - 2025-04-26T18:21:07.833Z - Done responding to the client Shutdown initiated
[NX v20.8.1 Daemon Server] - 2025-04-26T18:21:07.833Z - Handled FORCE_SHUTDOWN. Handling time: 0. Response time: 2.
[NX v20.8.1 Daemon Server] - 2025-04-26T18:21:07.833Z - Closed a connection. Number of open connections: 0
[NX v20.8.1 Daemon Server] - 2025-04-26T18:21:07.834Z - [WATCHER]: Stopping the watcher for F:\Car-Go-CZ-1 (sources)
[NX v20.8.1 Daemon Server] - 2025-04-26T18:21:07.834Z - [WATCHER]: Stopping the watcher for F:\Car-Go-CZ-1 (outputs)
[NX v20.8.1 Daemon Server] - 2025-04-26T18:21:07.834Z - Server stopped because: "Request to shutdown"
[NX v20.8.1 Daemon Server] - 2025-04-26T18:54:06.563Z - Started listening on: \\.\pipe\nx\C:\Users\Ian\AppData\Local\Temp\fe5286ad9f2723eae28a\d.sock
[NX v20.8.1 Daemon Server] - 2025-04-26T18:54:06.567Z - [WATCHER]: Subscribed to changes within: F:\Car-Go-CZ-1 (native)
[NX v20.8.1 Daemon Server] - 2025-04-26T18:54:06.572Z - Established a connection. Number of open connections: 1
[NX v20.8.1 Daemon Server] - 2025-04-26T18:54:06.573Z - Established a connection. Number of open connections: 2
[NX v20.8.1 Daemon Server] - 2025-04-26T18:54:06.575Z - Closed a connection. Number of open connections: 1
[NX v20.8.1 Daemon Server] - 2025-04-26T18:54:06.577Z - [REQUEST]: Responding to the client. Shutdown initiated
[NX v20.8.1 Daemon Server] - 2025-04-26T18:54:06.578Z - Done responding to the client Shutdown initiated
[NX v20.8.1 Daemon Server] - 2025-04-26T18:54:06.578Z - Handled FORCE_SHUTDOWN. Handling time: 0. Response time: 1.
[NX v20.8.1 Daemon Server] - 2025-04-26T18:54:06.579Z - [WATCHER]: Stopping the watcher for F:\Car-Go-CZ-1 (sources)
[NX v20.8.1 Daemon Server] - 2025-04-26T18:54:06.579Z - Closed a connection. Number of open connections: 0
[NX v20.8.1 Daemon Server] - 2025-04-26T18:54:06.579Z - [WATCHER]: Stopping the watcher for F:\Car-Go-CZ-1 (outputs)
[NX v20.8.1 Daemon Server] - 2025-04-26T18:54:06.579Z - Server stopped because: "Request to shutdown"
[NX v20.8.1 Daemon Server] - 2025-04-26T18:54:09.095Z - Started listening on: \\.\pipe\nx\C:\Users\Ian\AppData\Local\Temp\fe5286ad9f2723eae28a\d.sock
[NX v20.8.1 Daemon Server] - 2025-04-26T18:54:09.098Z - [WATCHER]: Subscribed to changes within: F:\Car-Go-CZ-1 (native)
[NX v20.8.1 Daemon Server] - 2025-04-26T18:54:09.111Z - Established a connection. Number of open connections: 1
[NX v20.8.1 Daemon Server] - 2025-04-26T18:54:09.111Z - Established a connection. Number of open connections: 2
[NX v20.8.1 Daemon Server] - 2025-04-26T18:54:09.113Z - Closed a connection. Number of open connections: 1
[NX v20.8.1 Daemon Server] - 2025-04-26T18:54:09.116Z - [REQUEST]: Responding to the client. Shutdown initiated
[NX v20.8.1 Daemon Server] - 2025-04-26T18:54:09.117Z - Done responding to the client Shutdown initiated
[NX v20.8.1 Daemon Server] - 2025-04-26T18:54:09.117Z - Handled FORCE_SHUTDOWN. Handling time: 1. Response time: 1.
[NX v20.8.1 Daemon Server] - 2025-04-26T18:54:09.117Z - Closed a connection. Number of open connections: 0
[NX v20.8.1 Daemon Server] - 2025-04-26T18:54:09.118Z - [WATCHER]: Stopping the watcher for F:\Car-Go-CZ-1 (sources)
[NX v20.8.1 Daemon Server] - 2025-04-26T18:54:09.118Z - [WATCHER]: Stopping the watcher for F:\Car-Go-CZ-1 (outputs)
[NX v20.8.1 Daemon Server] - 2025-04-26T18:54:09.118Z - Server stopped because: "Request to shutdown"
[NX v20.8.1 Daemon Server] - 2025-04-26T18:57:09.362Z - Started listening on: \\.\pipe\nx\C:\Users\Ian\AppData\Local\Temp\fe5286ad9f2723eae28a\d.sock
[NX v20.8.1 Daemon Server] - 2025-04-26T18:57:09.365Z - [WATCHER]: Subscribed to changes within: F:\Car-Go-CZ-1 (native)
[NX v20.8.1 Daemon Server] - 2025-04-26T18:57:09.376Z - Established a connection. Number of open connections: 1
[NX v20.8.1 Daemon Server] - 2025-04-26T18:57:09.378Z - Closed a connection. Number of open connections: 0
[NX v20.8.1 Daemon Server] - 2025-04-26T18:57:09.378Z - Established a connection. Number of open connections: 1
[NX v20.8.1 Daemon Server] - 2025-04-26T18:57:09.380Z - [REQUEST]: Client Request for Project Graph Received
[NX v20.8.1 Daemon Server] - 2025-04-26T18:57:09.602Z - Time taken for 'Load Nx Plugin: F:\Car-Go-CZ-1\node_modules\nx\src\plugins\package-json' 219.48730000000003ms
[NX v20.8.1 Daemon Server] - 2025-04-26T18:57:09.603Z - Time taken for 'Load Nx Plugin: F:\Car-Go-CZ-1\node_modules\nx\src\plugins\project-json\build-nodes\project-json' 220.153ms
[NX v20.8.1 Daemon Server] - 2025-04-26T18:57:09.613Z - Time taken for 'loadDefaultNxPlugins' 230.60490000000001ms
[NX v20.8.1 Daemon Server] - 2025-04-26T18:57:09.764Z - [REQUEST]: Updated workspace context based on watched changes, recomputing project graph...
[NX v20.8.1 Daemon Server] - 2025-04-26T18:57:09.764Z - [REQUEST]: 
[NX v20.8.1 Daemon Server] - 2025-04-26T18:57:09.764Z - [REQUEST]: 
[NX v20.8.1 Daemon Server] - 2025-04-26T18:57:09.771Z - Time taken for 'loadSpecifiedNxPlugins' 378.84150000000005ms
[NX v20.8.1 Daemon Server] - 2025-04-26T18:57:09.839Z - Time taken for 'build-project-configs' 24.606499999999983ms
[NX v20.8.1 Daemon Server] - 2025-04-26T18:57:09.889Z - Time taken for '@nxrocks/nx-flutter:createDependencies' 76.68299999999999ms
[NX v20.8.1 Daemon Server] - 2025-04-26T18:57:10.369Z - [REQUEST]: Responding to the client with an error. Error when preparing serialized project graph. Failed to process project graph.
     - apps/driver-frontend/pubspec.yaml: TypeError: getProjectTypeAndTargets is not a function
      at F:\Car-Go-CZ-1\node_modules\@nxrocks\nx-flutter\node_modules\@nxrocks\common\src\lib\workspace\project-graph.js:118:27
      at F:\Car-Go-CZ-1\node_modules\nx\src\project-graph\plugins\utils.js:10:33
      at Array.map (<anonymous>)
      at createNodesFromFiles (F:\Car-Go-CZ-1\node_modules\nx\src\project-graph\plugins\utils.js:8:35)
      at LoadedNxPlugin.createNodes (F:\Car-Go-CZ-1\node_modules\nx\src\project-graph\plugins\loaded-nx-plugin.js:19:76)
      at LoadedNxPlugin.createNodes.<computed> (F:\Car-Go-CZ-1\node_modules\nx\src\project-graph\plugins\loaded-nx-plugin.js:36:34)
      at createNodes (F:\Car-Go-CZ-1\node_modules\nx\src\project-graph\plugins\isolation\plugin-worker.js:76:63)
      at consumeMessage (F:\Car-Go-CZ-1\node_modules\nx\src\project-graph\plugins\isolation\messaging.js:42:32)
      at F:\Car-Go-CZ-1\node_modules\nx\src\project-graph\plugins\isolation\plugin-worker.js:34:47
      at Socket.<anonymous> (F:\Car-Go-CZ-1\node_modules\nx\src\utils\consume-messages-from-socket.js:13:17)
      at Socket.emit (node:events:524:28)
      at addChunk (node:internal/streams/readable:561:12)
      at readableAddChunkPushByteMode (node:internal/streams/readable:512:3)
      at Readable.push (node:internal/streams/readable:392:5)
      at Pipe.onStreamRead (node:internal/stream_base_commons:189:23)
   - apps/rider-frontend/pubspec.yaml: TypeError: getProjectTypeAndTargets is not a function
      at F:\Car-Go-CZ-1\node_modules\@nxrocks\nx-flutter\node_modules\@nxrocks\common\src\lib\workspace\project-graph.js:118:27
      at F:\Car-Go-CZ-1\node_modules\nx\src\project-graph\plugins\utils.js:10:33
      at Array.map (<anonymous>)
      at createNodesFromFiles (F:\Car-Go-CZ-1\node_modules\nx\src\project-graph\plugins\utils.js:8:35)
      at LoadedNxPlugin.createNodes (F:\Car-Go-CZ-1\node_modules\nx\src\project-graph\plugins\loaded-nx-plugin.js:19:76)
      at LoadedNxPlugin.createNodes.<computed> (F:\Car-Go-CZ-1\node_modules\nx\src\project-graph\plugins\loaded-nx-plugin.js:36:34)
      at createNodes (F:\Car-Go-CZ-1\node_modules\nx\src\project-graph\plugins\isolation\plugin-worker.js:76:63)
      at consumeMessage (F:\Car-Go-CZ-1\node_modules\nx\src\project-graph\plugins\isolation\messaging.js:42:32)
      at F:\Car-Go-CZ-1\node_modules\nx\src\project-graph\plugins\isolation\plugin-worker.js:34:47
      at Socket.<anonymous> (F:\Car-Go-CZ-1\node_modules\nx\src\utils\consume-messages-from-socket.js:13:17)
      at Socket.emit (node:events:524:28)
      at addChunk (node:internal/streams/readable:561:12)
      at readableAddChunkPushByteMode (node:internal/streams/readable:512:3)
      at Readable.push (node:internal/streams/readable:392:5)
      at Pipe.onStreamRead (node:internal/stream_base_commons:189:23)
   - libs/flutter_common/pubspec.yaml: TypeError: getProjectTypeAndTargets is not a function
      at F:\Car-Go-CZ-1\node_modules\@nxrocks\nx-flutter\node_modules\@nxrocks\common\src\lib\workspace\project-graph.js:118:27
      at F:\Car-Go-CZ-1\node_modules\nx\src\project-graph\plugins\utils.js:10:33
      at Array.map (<anonymous>)
      at createNodesFromFiles (F:\Car-Go-CZ-1\node_modules\nx\src\project-graph\plugins\utils.js:8:35)
      at LoadedNxPlugin.createNodes (F:\Car-Go-CZ-1\node_modules\nx\src\project-graph\plugins\loaded-nx-plugin.js:19:76)
      at LoadedNxPlugin.createNodes.<computed> (F:\Car-Go-CZ-1\node_modules\nx\src\project-graph\plugins\loaded-nx-plugin.js:36:34)
      at createNodes (F:\Car-Go-CZ-1\node_modules\nx\src\project-graph\plugins\isolation\plugin-worker.js:76:63)
      at consumeMessage (F:\Car-Go-CZ-1\node_modules\nx\src\project-graph\plugins\isolation\messaging.js:42:32)
      at F:\Car-Go-CZ-1\node_modules\nx\src\project-graph\plugins\isolation\plugin-worker.js:34:47
      at Socket.<anonymous> (F:\Car-Go-CZ-1\node_modules\nx\src\utils\consume-messages-from-socket.js:13:17)
      at Socket.emit (node:events:524:28)
      at addChunk (node:internal/streams/readable:561:12)
      at readableAddChunkPushByteMode (node:internal/streams/readable:512:3)
      at Readable.push (node:internal/streams/readable:392:5)
      at Pipe.onStreamRead (node:internal/stream_base_commons:189:23)
   - libs/generic_map/pubspec.yaml: TypeError: getProjectTypeAndTargets is not a function
      at F:\Car-Go-CZ-1\node_modules\@nxrocks\nx-flutter\node_modules\@nxrocks\common\src\lib\workspace\project-graph.js:118:27
      at F:\Car-Go-CZ-1\node_modules\nx\src\project-graph\plugins\utils.js:10:33
      at Array.map (<anonymous>)
      at createNodesFromFiles (F:\Car-Go-CZ-1\node_modules\nx\src\project-graph\plugins\utils.js:8:35)
      at LoadedNxPlugin.createNodes (F:\Car-Go-CZ-1\node_modules\nx\src\project-graph\plugins\loaded-nx-plugin.js:19:76)
      at LoadedNxPlugin.createNodes.<computed> (F:\Car-Go-CZ-1\node_modules\nx\src\project-graph\plugins\loaded-nx-plugin.js:36:34)
      at createNodes (F:\Car-Go-CZ-1\node_modules\nx\src\project-graph\plugins\isolation\plugin-worker.js:76:63)
      at consumeMessage (F:\Car-Go-CZ-1\node_modules\nx\src\project-graph\plugins\isolation\messaging.js:42:32)
      at F:\Car-Go-CZ-1\node_modules\nx\src\project-graph\plugins\isolation\plugin-worker.js:34:47
      at Socket.<anonymous> (F:\Car-Go-CZ-1\node_modules\nx\src\utils\consume-messages-from-socket.js:13:17)
      at Socket.emit (node:events:524:28)
      at addChunk (node:internal/streams/readable:561:12)
      at readableAddChunkPushByteMode (node:internal/streams/readable:512:3)
      at Readable.push (node:internal/streams/readable:392:5)
      at Pipe.onStreamRead (node:internal/stream_base_commons:189:23)
[NX v20.8.1 Daemon Server] - 2025-04-26T18:57:10.378Z - Time taken for 'total execution time for createProjectGraph()' 544.003ms
[NX v20.8.1 Daemon Server] - 2025-04-26T18:57:10.379Z - Done responding to the client null
[NX v20.8.1 Daemon Server] - 2025-04-26T18:57:10.380Z - Handled REQUEST_PROJECT_GRAPH. Handling time: 989. Response time: 11.
[NX v20.8.1 Daemon Server] - 2025-04-26T18:57:10.388Z - Closed a connection. Number of open connections: 0
[NX v20.8.1 Daemon Server] - 2025-04-26T20:09:00.678Z - [WATCHER]: admin-api/src/app/vehicle/dto/vehicle-model.dto.ts was modified
[NX v20.8.1 Daemon Server] - 2025-04-26T20:09:00.680Z - [WATCHER]: Processing file changes in outputs
[NX v20.8.1 Daemon Server] - 2025-04-26T20:09:00.795Z - [REQUEST]: Updated workspace context based on watched changes, recomputing project graph...
[NX v20.8.1 Daemon Server] - 2025-04-26T20:09:00.796Z - [REQUEST]: admin-api/src/app/vehicle/dto/vehicle-model.dto.ts
[NX v20.8.1 Daemon Server] - 2025-04-26T20:09:00.796Z - [REQUEST]: 
[NX v20.8.1 Daemon Server] - 2025-04-26T20:09:00.817Z - Time taken for 'hash changed files from watcher' 9.57839999999851ms
[NX v20.8.1 Daemon Server] - 2025-04-26T20:09:00.962Z - Time taken for 'build-project-configs' 32.90720000024885ms
[NX v20.8.1 Daemon Server] - 2025-04-26T20:09:00.968Z - Time taken for '@nxrocks/nx-flutter:createDependencies' 68.96430000010878ms
[NX v20.8.1 Daemon Server] - 2025-04-26T20:09:01.024Z - Time taken for 'total execution time for createProjectGraph()' 141.56140000000596ms
[NX v20.8.1 Daemon Server] - 2025-04-26T20:09:52.948Z - [WATCHER]: Processing file changes in outputs
[NX v20.8.1 Daemon Server] - 2025-04-26T20:09:52.950Z - [WATCHER]: apps/admin-api/src/app/vehicle/dto/vehicle-model.dto.ts was modified
[NX v20.8.1 Daemon Server] - 2025-04-26T20:09:53.171Z - [REQUEST]: Updated workspace context based on watched changes, recomputing project graph...
[NX v20.8.1 Daemon Server] - 2025-04-26T20:09:53.171Z - [REQUEST]: apps/admin-api/src/app/vehicle/dto/vehicle-model.dto.ts
[NX v20.8.1 Daemon Server] - 2025-04-26T20:09:53.171Z - [REQUEST]: 
[NX v20.8.1 Daemon Server] - 2025-04-26T20:09:53.224Z - Time taken for 'hash changed files from watcher' 8.639600000344217ms
[NX v20.8.1 Daemon Server] - 2025-04-26T20:09:53.316Z - Time taken for 'build-project-configs' 40.73550000041723ms
[NX v20.8.1 Daemon Server] - 2025-04-26T20:09:53.318Z - Time taken for '@nxrocks/nx-flutter:createDependencies' 30.34999999962747ms
[NX v20.8.1 Daemon Server] - 2025-04-26T20:09:53.424Z - Time taken for 'total execution time for createProjectGraph()' 119.06959999911487ms
[NX v20.8.1 Daemon Server] - 2025-04-26T20:10:08.984Z - [WATCHER]: apps/admin-api/src/app/vehicle/dto/vehicle-model.dto.ts was modified
[NX v20.8.1 Daemon Server] - 2025-04-26T20:10:08.984Z - [WATCHER]: Processing file changes in outputs
[NX v20.8.1 Daemon Server] - 2025-04-26T20:10:09.405Z - [REQUEST]: Updated workspace context based on watched changes, recomputing project graph...
[NX v20.8.1 Daemon Server] - 2025-04-26T20:10:09.405Z - [REQUEST]: apps/admin-api/src/app/vehicle/dto/vehicle-model.dto.ts
[NX v20.8.1 Daemon Server] - 2025-04-26T20:10:09.405Z - [REQUEST]: 
[NX v20.8.1 Daemon Server] - 2025-04-26T20:10:09.410Z - Time taken for 'hash changed files from watcher' 10.920300000347197ms
[NX v20.8.1 Daemon Server] - 2025-04-26T20:10:09.463Z - Time taken for 'build-project-configs' 24.59620000049472ms
[NX v20.8.1 Daemon Server] - 2025-04-26T20:10:09.464Z - Time taken for '@nxrocks/nx-flutter:createDependencies' 18.0320999994874ms
[NX v20.8.1 Daemon Server] - 2025-04-26T20:10:09.517Z - Time taken for 'total execution time for createProjectGraph()' 61.45600000023842ms
[NX v20.8.1 Daemon Server] - 2025-04-26T20:10:29.313Z - [WATCHER]: Processing file changes in outputs
[NX v20.8.1 Daemon Server] - 2025-04-26T20:10:29.315Z - [WATCHER]: apps/admin-api/src/app/vehicle/dto/vehicle-model.input.ts was modified
[NX v20.8.1 Daemon Server] - 2025-04-26T20:10:30.123Z - [REQUEST]: Updated workspace context based on watched changes, recomputing project graph...
[NX v20.8.1 Daemon Server] - 2025-04-26T20:10:30.123Z - [REQUEST]: apps/admin-api/src/app/vehicle/dto/vehicle-model.input.ts
[NX v20.8.1 Daemon Server] - 2025-04-26T20:10:30.123Z - [REQUEST]: 
[NX v20.8.1 Daemon Server] - 2025-04-26T20:10:30.128Z - Time taken for 'hash changed files from watcher' 3.141800000332296ms
[NX v20.8.1 Daemon Server] - 2025-04-26T20:10:30.173Z - Time taken for 'build-project-configs' 19.181599999777973ms
[NX v20.8.1 Daemon Server] - 2025-04-26T20:10:30.174Z - Time taken for '@nxrocks/nx-flutter:createDependencies' 15.856999999843538ms
[NX v20.8.1 Daemon Server] - 2025-04-26T20:10:30.227Z - Time taken for 'total execution time for createProjectGraph()' 61.06540000066161ms
[NX v20.8.1 Daemon Server] - 2025-04-26T20:10:42.842Z - [WATCHER]: Processing file changes in outputs
[NX v20.8.1 Daemon Server] - 2025-04-26T20:10:42.844Z - [WATCHER]: apps/admin-api/src/app/vehicle/dto/vehicle-model.input.ts was modified
[NX v20.8.1 Daemon Server] - 2025-04-26T20:10:44.472Z - [REQUEST]: Updated workspace context based on watched changes, recomputing project graph...
[NX v20.8.1 Daemon Server] - 2025-04-26T20:10:44.472Z - [REQUEST]: apps/admin-api/src/app/vehicle/dto/vehicle-model.input.ts
[NX v20.8.1 Daemon Server] - 2025-04-26T20:10:44.472Z - [REQUEST]: 
[NX v20.8.1 Daemon Server] - 2025-04-26T20:10:44.476Z - Time taken for 'hash changed files from watcher' 13.652599999681115ms
[NX v20.8.1 Daemon Server] - 2025-04-26T20:10:44.527Z - Time taken for 'build-project-configs' 20.257100000046194ms
[NX v20.8.1 Daemon Server] - 2025-04-26T20:10:44.528Z - Time taken for '@nxrocks/nx-flutter:createDependencies' 18.17920000012964ms
[NX v20.8.1 Daemon Server] - 2025-04-26T20:10:44.581Z - Time taken for 'total execution time for createProjectGraph()' 63.736800000071526ms
[NX v20.8.1 Daemon Server] - 2025-04-26T20:10:58.703Z - [WATCHER]: Processing file changes in outputs
[NX v20.8.1 Daemon Server] - 2025-04-26T20:10:58.705Z - [WATCHER]: apps/admin-api/src/app/vehicle/dto/vehicle-color.dto.ts was modified
[NX v20.8.1 Daemon Server] - 2025-04-26T20:11:01.915Z - [REQUEST]: Updated workspace context based on watched changes, recomputing project graph...
[NX v20.8.1 Daemon Server] - 2025-04-26T20:11:01.915Z - [REQUEST]: apps/admin-api/src/app/vehicle/dto/vehicle-color.dto.ts
[NX v20.8.1 Daemon Server] - 2025-04-26T20:11:01.915Z - [REQUEST]: 
[NX v20.8.1 Daemon Server] - 2025-04-26T20:11:01.919Z - Time taken for 'hash changed files from watcher' 3.459300000220537ms
[NX v20.8.1 Daemon Server] - 2025-04-26T20:11:01.963Z - Time taken for 'build-project-configs' 16.282300000078976ms
[NX v20.8.1 Daemon Server] - 2025-04-26T20:11:01.963Z - Time taken for '@nxrocks/nx-flutter:createDependencies' 15.485399999655783ms
[NX v20.8.1 Daemon Server] - 2025-04-26T20:11:02.008Z - Time taken for 'total execution time for createProjectGraph()' 52.3656000001356ms
[NX v20.8.1 Daemon Server] - 2025-04-26T20:11:23.547Z - [WATCHER]: apps/admin-api/src/app/vehicle/dto/vehicle-color.dto.ts was modified
[NX v20.8.1 Daemon Server] - 2025-04-26T20:11:23.548Z - [WATCHER]: Processing file changes in outputs
[NX v20.8.1 Daemon Server] - 2025-04-26T20:11:24.140Z - [WATCHER]: apps/admin-api/src/app/vehicle/dto/vehicle-color.dto.ts was modified
[NX v20.8.1 Daemon Server] - 2025-04-26T20:11:24.140Z - [WATCHER]: Processing file changes in outputs
[NX v20.8.1 Daemon Server] - 2025-04-26T20:11:29.968Z - [REQUEST]: Updated workspace context based on watched changes, recomputing project graph...
[NX v20.8.1 Daemon Server] - 2025-04-26T20:11:29.968Z - [REQUEST]: apps/admin-api/src/app/vehicle/dto/vehicle-color.dto.ts
[NX v20.8.1 Daemon Server] - 2025-04-26T20:11:29.968Z - [REQUEST]: 
[NX v20.8.1 Daemon Server] - 2025-04-26T20:11:29.972Z - Time taken for 'hash changed files from watcher' 12.389999999664724ms
[NX v20.8.1 Daemon Server] - 2025-04-26T20:11:30.015Z - Time taken for 'build-project-configs' 15.744400000199676ms
[NX v20.8.1 Daemon Server] - 2025-04-26T20:11:30.016Z - Time taken for '@nxrocks/nx-flutter:createDependencies' 16.114000000059605ms
[NX v20.8.1 Daemon Server] - 2025-04-26T20:11:30.062Z - Time taken for 'total execution time for createProjectGraph()' 53.67200000025332ms
[NX v20.8.1 Daemon Server] - 2025-04-26T20:11:45.168Z - [WATCHER]: Processing file changes in outputs
[NX v20.8.1 Daemon Server] - 2025-04-26T20:11:45.169Z - [WATCHER]: apps/admin-api/src/app/vehicle/dto/vehicle-color.input.ts was modified
[NX v20.8.1 Daemon Server] - 2025-04-26T20:11:51.587Z - [REQUEST]: Updated workspace context based on watched changes, recomputing project graph...
[NX v20.8.1 Daemon Server] - 2025-04-26T20:11:51.587Z - [REQUEST]: apps/admin-api/src/app/vehicle/dto/vehicle-color.input.ts
[NX v20.8.1 Daemon Server] - 2025-04-26T20:11:51.587Z - [REQUEST]: 
[NX v20.8.1 Daemon Server] - 2025-04-26T20:11:51.591Z - Time taken for 'hash changed files from watcher' 2.9802000001072884ms
[NX v20.8.1 Daemon Server] - 2025-04-26T20:11:51.636Z - Time taken for 'build-project-configs' 19.654799999669194ms
[NX v20.8.1 Daemon Server] - 2025-04-26T20:11:51.636Z - Time taken for '@nxrocks/nx-flutter:createDependencies' 14.934999999590218ms
[NX v20.8.1 Daemon Server] - 2025-04-26T20:11:51.685Z - Time taken for 'total execution time for createProjectGraph()' 55.61420000065118ms
[NX v20.8.1 Daemon Server] - 2025-04-26T20:13:24.548Z - [WATCHER]: Processing file changes in outputs
[NX v20.8.1 Daemon Server] - 2025-04-26T20:13:24.549Z - [WATCHER]: apps/admin-api/src/app/vehicle/dto/vehicle.authorizer.ts was modified
[NX v20.8.1 Daemon Server] - 2025-04-26T20:13:30.967Z - [REQUEST]: Updated workspace context based on watched changes, recomputing project graph...
[NX v20.8.1 Daemon Server] - 2025-04-26T20:13:30.967Z - [REQUEST]: apps/admin-api/src/app/vehicle/dto/vehicle.authorizer.ts
[NX v20.8.1 Daemon Server] - 2025-04-26T20:13:30.967Z - [REQUEST]: 
[NX v20.8.1 Daemon Server] - 2025-04-26T20:13:30.971Z - Time taken for 'hash changed files from watcher' 3.07869999948889ms
[NX v20.8.1 Daemon Server] - 2025-04-26T20:13:31.013Z - Time taken for 'build-project-configs' 17.05879999976605ms
[NX v20.8.1 Daemon Server] - 2025-04-26T20:13:31.015Z - Time taken for '@nxrocks/nx-flutter:createDependencies' 16.115900000557303ms
[NX v20.8.1 Daemon Server] - 2025-04-26T20:13:31.055Z - Time taken for 'total execution time for createProjectGraph()' 49.57079999987036ms
[NX v20.8.1 Daemon Server] - 2025-04-26T20:13:34.977Z - [WATCHER]: 0 file(s) created or restored, 0 file(s) modified, 5 file(s) deleted
[NX v20.8.1 Daemon Server] - 2025-04-26T20:13:34.977Z - [WATCHER]: Processing file changes in outputs
[NX v20.8.1 Daemon Server] - 2025-04-26T20:13:41.388Z - [REQUEST]: Updated workspace context based on watched changes, recomputing project graph...
[NX v20.8.1 Daemon Server] - 2025-04-26T20:13:41.388Z - [REQUEST]: 
[NX v20.8.1 Daemon Server] - 2025-04-26T20:13:41.388Z - [REQUEST]: admin-api,admin-api/src/app/vehicle,admin-api/src/app,admin-api/src/app/vehicle/dto/vehicle-model.dto.ts,admin-api/src
[NX v20.8.1 Daemon Server] - 2025-04-26T20:13:41.392Z - Time taken for 'hash changed files from watcher' 5.0981999998912215ms
[NX v20.8.1 Daemon Server] - 2025-04-26T20:13:41.433Z - Time taken for 'build-project-configs' 16.669000000692904ms
[NX v20.8.1 Daemon Server] - 2025-04-26T20:13:41.434Z - Time taken for '@nxrocks/nx-flutter:createDependencies' 14.425999999977648ms
[NX v20.8.1 Daemon Server] - 2025-04-26T20:13:41.475Z - Time taken for 'total execution time for createProjectGraph()' 47.02310000080615ms
[NX v20.8.1 Daemon Server] - 2025-04-26T20:14:07.353Z - [WATCHER]: apps/admin-api/src/app/vehicle/vehicle.module.ts was modified
[NX v20.8.1 Daemon Server] - 2025-04-26T20:14:07.353Z - [WATCHER]: Processing file changes in outputs
[NX v20.8.1 Daemon Server] - 2025-04-26T20:14:13.761Z - [REQUEST]: Updated workspace context based on watched changes, recomputing project graph...
[NX v20.8.1 Daemon Server] - 2025-04-26T20:14:13.761Z - [REQUEST]: apps/admin-api/src/app/vehicle/vehicle.module.ts
[NX v20.8.1 Daemon Server] - 2025-04-26T20:14:13.761Z - [REQUEST]: 
[NX v20.8.1 Daemon Server] - 2025-04-26T20:14:13.766Z - Time taken for 'hash changed files from watcher' 3.046699999831617ms
[NX v20.8.1 Daemon Server] - 2025-04-26T20:14:13.806Z - Time taken for 'build-project-configs' 16.703999999910593ms
[NX v20.8.1 Daemon Server] - 2025-04-26T20:14:13.808Z - Time taken for '@nxrocks/nx-flutter:createDependencies' 15.582299999892712ms
[NX v20.8.1 Daemon Server] - 2025-04-26T20:14:13.846Z - Time taken for 'total execution time for createProjectGraph()' 47.93730000033975ms
[NX v20.8.1 Daemon Server] - 2025-04-26T20:14:20.971Z - [WATCHER]: apps/admin-api/src/app/vehicle/vehicle.module.ts was modified
[NX v20.8.1 Daemon Server] - 2025-04-26T20:14:20.971Z - [WATCHER]: Processing file changes in outputs
[NX v20.8.1 Daemon Server] - 2025-04-26T20:14:27.390Z - [REQUEST]: Updated workspace context based on watched changes, recomputing project graph...
[NX v20.8.1 Daemon Server] - 2025-04-26T20:14:27.390Z - [REQUEST]: apps/admin-api/src/app/vehicle/vehicle.module.ts
[NX v20.8.1 Daemon Server] - 2025-04-26T20:14:27.390Z - [REQUEST]: 
[NX v20.8.1 Daemon Server] - 2025-04-26T20:14:27.394Z - Time taken for 'hash changed files from watcher' 2.847099999897182ms
[NX v20.8.1 Daemon Server] - 2025-04-26T20:14:27.438Z - Time taken for 'build-project-configs' 18.28610000014305ms
[NX v20.8.1 Daemon Server] - 2025-04-26T20:14:27.439Z - Time taken for '@nxrocks/nx-flutter:createDependencies' 16.901099999435246ms
[NX v20.8.1 Daemon Server] - 2025-04-26T20:14:27.493Z - Time taken for 'total execution time for createProjectGraph()' 62.29600000008941ms
[NX v20.8.1 Daemon Server] - 2025-04-26T20:15:25.755Z - [WATCHER]: apps/admin-api/src/app/driver/dto/driver.input.ts was modified
[NX v20.8.1 Daemon Server] - 2025-04-26T20:15:25.756Z - [WATCHER]: Processing file changes in outputs
[NX v20.8.1 Daemon Server] - 2025-04-26T20:15:32.172Z - [REQUEST]: Updated workspace context based on watched changes, recomputing project graph...
[NX v20.8.1 Daemon Server] - 2025-04-26T20:15:32.172Z - [REQUEST]: apps/admin-api/src/app/driver/dto/driver.input.ts
[NX v20.8.1 Daemon Server] - 2025-04-26T20:15:32.172Z - [REQUEST]: 
[NX v20.8.1 Daemon Server] - 2025-04-26T20:15:32.176Z - Time taken for 'hash changed files from watcher' 12.949300000444055ms
[NX v20.8.1 Daemon Server] - 2025-04-26T20:15:32.219Z - Time taken for 'build-project-configs' 16.84789999946952ms
[NX v20.8.1 Daemon Server] - 2025-04-26T20:15:32.219Z - Time taken for '@nxrocks/nx-flutter:createDependencies' 15.580000000074506ms
[NX v20.8.1 Daemon Server] - 2025-04-26T20:15:32.264Z - Time taken for 'total execution time for createProjectGraph()' 53.4339000005275ms
[NX v20.8.1 Daemon Server] - 2025-04-26T20:16:49.349Z - [WATCHER]: apps/admin-api/src/app/service/dto/service.dto.ts was modified
[NX v20.8.1 Daemon Server] - 2025-04-26T20:16:49.350Z - [WATCHER]: Processing file changes in outputs
[NX v20.8.1 Daemon Server] - 2025-04-26T20:16:55.766Z - [REQUEST]: Updated workspace context based on watched changes, recomputing project graph...
[NX v20.8.1 Daemon Server] - 2025-04-26T20:16:55.766Z - [REQUEST]: apps/admin-api/src/app/service/dto/service.dto.ts
[NX v20.8.1 Daemon Server] - 2025-04-26T20:16:55.766Z - [REQUEST]: 
[NX v20.8.1 Daemon Server] - 2025-04-26T20:16:55.771Z - Time taken for 'hash changed files from watcher' 13.45949999988079ms
[NX v20.8.1 Daemon Server] - 2025-04-26T20:16:55.817Z - Time taken for 'build-project-configs' 21.497899999842048ms
[NX v20.8.1 Daemon Server] - 2025-04-26T20:16:55.818Z - Time taken for '@nxrocks/nx-flutter:createDependencies' 15.299300000071526ms
[NX v20.8.1 Daemon Server] - 2025-04-26T20:16:55.867Z - Time taken for 'total execution time for createProjectGraph()' 57.142500000074506ms
[NX v20.8.1 Daemon Server] - 2025-04-26T20:17:10.937Z - [WATCHER]: Processing file changes in outputs
[NX v20.8.1 Daemon Server] - 2025-04-26T20:17:10.938Z - [WATCHER]: apps/admin-api/src/app/service/dto/service.input.ts was modified
[NX v20.8.1 Daemon Server] - 2025-04-26T20:17:17.354Z - [REQUEST]: Updated workspace context based on watched changes, recomputing project graph...
[NX v20.8.1 Daemon Server] - 2025-04-26T20:17:17.354Z - [REQUEST]: apps/admin-api/src/app/service/dto/service.input.ts
[NX v20.8.1 Daemon Server] - 2025-04-26T20:17:17.354Z - [REQUEST]: 
[NX v20.8.1 Daemon Server] - 2025-04-26T20:17:17.358Z - Time taken for 'hash changed files from watcher' 13.12419999949634ms
[NX v20.8.1 Daemon Server] - 2025-04-26T20:17:17.400Z - Time taken for 'build-project-configs' 17.393699999898672ms
[NX v20.8.1 Daemon Server] - 2025-04-26T20:17:17.402Z - Time taken for '@nxrocks/nx-flutter:createDependencies' 16.16759999934584ms
[NX v20.8.1 Daemon Server] - 2025-04-26T20:17:17.447Z - Time taken for 'total execution time for createProjectGraph()' 53.551799999549985ms
[NX v20.8.1 Daemon Server] - 2025-04-26T20:17:21.527Z - [WATCHER]: apps/admin-api/src/app/service/dto/service.input.ts was modified
[NX v20.8.1 Daemon Server] - 2025-04-26T20:17:21.527Z - [WATCHER]: Processing file changes in outputs
[NX v20.8.1 Daemon Server] - 2025-04-26T20:17:27.935Z - [REQUEST]: Updated workspace context based on watched changes, recomputing project graph...
[NX v20.8.1 Daemon Server] - 2025-04-26T20:17:27.936Z - [REQUEST]: apps/admin-api/src/app/service/dto/service.input.ts
[NX v20.8.1 Daemon Server] - 2025-04-26T20:17:27.936Z - [REQUEST]: 
[NX v20.8.1 Daemon Server] - 2025-04-26T20:17:27.940Z - Time taken for 'hash changed files from watcher' 4.040699999779463ms
[NX v20.8.1 Daemon Server] - 2025-04-26T20:17:27.991Z - Time taken for 'build-project-configs' 21.74780000001192ms
[NX v20.8.1 Daemon Server] - 2025-04-26T20:17:27.995Z - Time taken for '@nxrocks/nx-flutter:createDependencies' 20.198300000280142ms
[NX v20.8.1 Daemon Server] - 2025-04-26T20:17:28.032Z - Time taken for 'total execution time for createProjectGraph()' 51.566999999806285ms
[NX v20.8.1 Daemon Server] - 2025-04-26T20:17:36.438Z - [WATCHER]: Processing file changes in outputs
[NX v20.8.1 Daemon Server] - 2025-04-26T20:17:36.440Z - [WATCHER]: apps/admin-api/src/app/service/dto/service-option.dto.ts was modified
[NX v20.8.1 Daemon Server] - 2025-04-26T20:17:42.857Z - [REQUEST]: Updated workspace context based on watched changes, recomputing project graph...
[NX v20.8.1 Daemon Server] - 2025-04-26T20:17:42.857Z - [REQUEST]: apps/admin-api/src/app/service/dto/service-option.dto.ts
[NX v20.8.1 Daemon Server] - 2025-04-26T20:17:42.857Z - [REQUEST]: 
[NX v20.8.1 Daemon Server] - 2025-04-26T20:17:42.862Z - Time taken for 'hash changed files from watcher' 11.294700000435114ms
[NX v20.8.1 Daemon Server] - 2025-04-26T20:17:42.909Z - Time taken for 'build-project-configs' 18.693400000222027ms
[NX v20.8.1 Daemon Server] - 2025-04-26T20:17:42.912Z - Time taken for '@nxrocks/nx-flutter:createDependencies' 19.059500000439584ms
[NX v20.8.1 Daemon Server] - 2025-04-26T20:17:42.973Z - Time taken for 'total execution time for createProjectGraph()' 70.54710000008345ms
[NX v20.8.1 Daemon Server] - 2025-04-26T20:20:48.966Z - [WATCHER]: apps/admin-api/src/app/order/dto/order.dto.ts was modified
[NX v20.8.1 Daemon Server] - 2025-04-26T20:20:48.966Z - [WATCHER]: Processing file changes in outputs
[NX v20.8.1 Daemon Server] - 2025-04-26T20:20:55.386Z - [REQUEST]: Updated workspace context based on watched changes, recomputing project graph...
[NX v20.8.1 Daemon Server] - 2025-04-26T20:20:55.386Z - [REQUEST]: apps/admin-api/src/app/order/dto/order.dto.ts
[NX v20.8.1 Daemon Server] - 2025-04-26T20:20:55.386Z - [REQUEST]: 
[NX v20.8.1 Daemon Server] - 2025-04-26T20:20:55.389Z - Time taken for 'hash changed files from watcher' 12.801200000569224ms
[NX v20.8.1 Daemon Server] - 2025-04-26T20:20:55.437Z - Time taken for 'build-project-configs' 18.884700000286102ms
[NX v20.8.1 Daemon Server] - 2025-04-26T20:20:55.438Z - Time taken for '@nxrocks/nx-flutter:createDependencies' 16.66249999962747ms
[NX v20.8.1 Daemon Server] - 2025-04-26T20:20:55.482Z - Time taken for 'total execution time for createProjectGraph()' 52.66899999976158ms
[NX v20.8.1 Daemon Server] - 2025-04-26T20:23:29.335Z - [WATCHER]: apps/admin-api/src/app/customer/dto/customer.dto.ts was modified
[NX v20.8.1 Daemon Server] - 2025-04-26T20:23:29.335Z - [WATCHER]: Processing file changes in outputs
[NX v20.8.1 Daemon Server] - 2025-04-26T20:23:35.745Z - [REQUEST]: Updated workspace context based on watched changes, recomputing project graph...
[NX v20.8.1 Daemon Server] - 2025-04-26T20:23:35.745Z - [REQUEST]: apps/admin-api/src/app/customer/dto/customer.dto.ts
[NX v20.8.1 Daemon Server] - 2025-04-26T20:23:35.745Z - [REQUEST]: 
[NX v20.8.1 Daemon Server] - 2025-04-26T20:23:35.749Z - Time taken for 'hash changed files from watcher' 2.8170999996364117ms
[NX v20.8.1 Daemon Server] - 2025-04-26T20:23:35.798Z - Time taken for 'build-project-configs' 20.753100000321865ms
[NX v20.8.1 Daemon Server] - 2025-04-26T20:23:35.801Z - Time taken for '@nxrocks/nx-flutter:createDependencies' 19.594899999909103ms
[NX v20.8.1 Daemon Server] - 2025-04-26T20:23:35.850Z - Time taken for 'total execution time for createProjectGraph()' 58.10510000027716ms
[NX v20.8.1 Daemon Server] - 2025-04-26T20:23:59.415Z - [WATCHER]: Processing file changes in outputs
[NX v20.8.1 Daemon Server] - 2025-04-26T20:23:59.417Z - [WATCHER]: apps/admin-api/src/app/customer/dto/customer.input.ts was modified
[NX v20.8.1 Daemon Server] - 2025-04-26T20:24:05.826Z - [REQUEST]: Updated workspace context based on watched changes, recomputing project graph...
[NX v20.8.1 Daemon Server] - 2025-04-26T20:24:05.826Z - [REQUEST]: apps/admin-api/src/app/customer/dto/customer.input.ts
[NX v20.8.1 Daemon Server] - 2025-04-26T20:24:05.826Z - [REQUEST]: 
[NX v20.8.1 Daemon Server] - 2025-04-26T20:24:05.830Z - Time taken for 'hash changed files from watcher' 2.8952000001445413ms
[NX v20.8.1 Daemon Server] - 2025-04-26T20:24:05.876Z - Time taken for 'build-project-configs' 20.673599999397993ms
[NX v20.8.1 Daemon Server] - 2025-04-26T20:24:05.881Z - Time taken for '@nxrocks/nx-flutter:createDependencies' 19.328199999406934ms
[NX v20.8.1 Daemon Server] - 2025-04-26T20:24:05.927Z - Time taken for 'total execution time for createProjectGraph()' 58.28810000047088ms
[NX v20.8.1 Daemon Server] - 2025-04-26T20:24:29.469Z - [WATCHER]: apps/admin-api/src/app/customer/dto/customer-wallet.dto.ts was modified
[NX v20.8.1 Daemon Server] - 2025-04-26T20:24:29.469Z - [WATCHER]: Processing file changes in outputs
[NX v20.8.1 Daemon Server] - 2025-04-26T20:24:35.877Z - [REQUEST]: Updated workspace context based on watched changes, recomputing project graph...
[NX v20.8.1 Daemon Server] - 2025-04-26T20:24:35.877Z - [REQUEST]: apps/admin-api/src/app/customer/dto/customer-wallet.dto.ts
[NX v20.8.1 Daemon Server] - 2025-04-26T20:24:35.877Z - [REQUEST]: 
[NX v20.8.1 Daemon Server] - 2025-04-26T20:24:35.882Z - Time taken for 'hash changed files from watcher' 2.9649000000208616ms
[NX v20.8.1 Daemon Server] - 2025-04-26T20:24:35.933Z - Time taken for 'build-project-configs' 22.70880000013858ms
[NX v20.8.1 Daemon Server] - 2025-04-26T20:24:35.934Z - Time taken for '@nxrocks/nx-flutter:createDependencies' 17.3312999997288ms
[NX v20.8.1 Daemon Server] - 2025-04-26T20:24:35.984Z - Time taken for 'total execution time for createProjectGraph()' 60.17559999972582ms
[NX v20.8.1 Daemon Server] - 2025-04-26T20:24:59.734Z - [WATCHER]: apps/admin-api/src/app/customer/dto/customer-transaction.dto.ts was modified
[NX v20.8.1 Daemon Server] - 2025-04-26T20:24:59.734Z - [WATCHER]: Processing file changes in outputs
[NX v20.8.1 Daemon Server] - 2025-04-26T20:25:06.151Z - [REQUEST]: Updated workspace context based on watched changes, recomputing project graph...
[NX v20.8.1 Daemon Server] - 2025-04-26T20:25:06.151Z - [REQUEST]: apps/admin-api/src/app/customer/dto/customer-transaction.dto.ts
[NX v20.8.1 Daemon Server] - 2025-04-26T20:25:06.151Z - [REQUEST]: 
[NX v20.8.1 Daemon Server] - 2025-04-26T20:25:06.156Z - Time taken for 'hash changed files from watcher' 3.349299999885261ms
[NX v20.8.1 Daemon Server] - 2025-04-26T20:25:06.199Z - Time taken for 'build-project-configs' 18.865699999965727ms
[NX v20.8.1 Daemon Server] - 2025-04-26T20:25:06.205Z - Time taken for '@nxrocks/nx-flutter:createDependencies' 20.850599999539554ms
[NX v20.8.1 Daemon Server] - 2025-04-26T20:25:06.247Z - Time taken for 'total execution time for createProjectGraph()' 53.71279999986291ms
[NX v20.8.1 Daemon Server] - 2025-04-26T20:25:29.381Z - [WATCHER]: apps/admin-api/src/app/customer/dto/customer-transaction.input.ts was modified
[NX v20.8.1 Daemon Server] - 2025-04-26T20:25:29.381Z - [WATCHER]: Processing file changes in outputs
[NX v20.8.1 Daemon Server] - 2025-04-26T20:25:35.789Z - [REQUEST]: Updated workspace context based on watched changes, recomputing project graph...
[NX v20.8.1 Daemon Server] - 2025-04-26T20:25:35.789Z - [REQUEST]: apps/admin-api/src/app/customer/dto/customer-transaction.input.ts
[NX v20.8.1 Daemon Server] - 2025-04-26T20:25:35.789Z - [REQUEST]: 
[NX v20.8.1 Daemon Server] - 2025-04-26T20:25:35.794Z - Time taken for 'hash changed files from watcher' 2.990899999625981ms
[NX v20.8.1 Daemon Server] - 2025-04-26T20:25:35.841Z - Time taken for 'build-project-configs' 20.928899999707937ms
[NX v20.8.1 Daemon Server] - 2025-04-26T20:25:35.842Z - Time taken for '@nxrocks/nx-flutter:createDependencies' 17.348100000061095ms
[NX v20.8.1 Daemon Server] - 2025-04-26T20:25:35.890Z - Time taken for 'total execution time for createProjectGraph()' 56.67219999991357ms
[NX v20.8.1 Daemon Server] - 2025-04-26T20:25:58.838Z - [WATCHER]: apps/admin-api/src/app/customer/dto/customer-address.dto.ts was modified
[NX v20.8.1 Daemon Server] - 2025-04-26T20:25:58.838Z - [WATCHER]: Processing file changes in outputs
[NX v20.8.1 Daemon Server] - 2025-04-26T20:26:05.243Z - [REQUEST]: Updated workspace context based on watched changes, recomputing project graph...
[NX v20.8.1 Daemon Server] - 2025-04-26T20:26:05.243Z - [REQUEST]: apps/admin-api/src/app/customer/dto/customer-address.dto.ts
[NX v20.8.1 Daemon Server] - 2025-04-26T20:26:05.243Z - [REQUEST]: 
[NX v20.8.1 Daemon Server] - 2025-04-26T20:26:05.247Z - Time taken for 'hash changed files from watcher' 3.2790999999269843ms
[NX v20.8.1 Daemon Server] - 2025-04-26T20:26:05.292Z - Time taken for 'build-project-configs' 18.445999999530613ms
[NX v20.8.1 Daemon Server] - 2025-04-26T20:26:05.293Z - Time taken for '@nxrocks/nx-flutter:createDependencies' 16.718799999915063ms
[NX v20.8.1 Daemon Server] - 2025-04-26T20:26:05.342Z - Time taken for 'total execution time for createProjectGraph()' 56.31330000050366ms
[NX v20.8.1 Daemon Server] - 2025-04-26T20:26:28.357Z - [WATCHER]: Processing file changes in outputs
[NX v20.8.1 Daemon Server] - 2025-04-26T20:26:28.359Z - [WATCHER]: apps/admin-api/src/app/customer/customer.resolver.ts was modified
[NX v20.8.1 Daemon Server] - 2025-04-26T20:26:34.770Z - [REQUEST]: Updated workspace context based on watched changes, recomputing project graph...
[NX v20.8.1 Daemon Server] - 2025-04-26T20:26:34.770Z - [REQUEST]: apps/admin-api/src/app/customer/customer.resolver.ts
[NX v20.8.1 Daemon Server] - 2025-04-26T20:26:34.770Z - [REQUEST]: 
[NX v20.8.1 Daemon Server] - 2025-04-26T20:26:34.774Z - Time taken for 'hash changed files from watcher' 3.2438000002875924ms
[NX v20.8.1 Daemon Server] - 2025-04-26T20:26:34.817Z - Time taken for 'build-project-configs' 16.685499999672174ms
[NX v20.8.1 Daemon Server] - 2025-04-26T20:26:34.818Z - Time taken for '@nxrocks/nx-flutter:createDependencies' 16.256199999712408ms
[NX v20.8.1 Daemon Server] - 2025-04-26T20:26:34.862Z - Time taken for 'total execution time for createProjectGraph()' 52.79980000015348ms
[NX v20.8.1 Daemon Server] - 2025-04-26T20:26:58.363Z - [WATCHER]: Processing file changes in outputs
[NX v20.8.1 Daemon Server] - 2025-04-26T20:26:58.365Z - [WATCHER]: apps/admin-api/src/app/customer/customer.module.ts was modified
[NX v20.8.1 Daemon Server] - 2025-04-26T20:27:04.769Z - [REQUEST]: Updated workspace context based on watched changes, recomputing project graph...
[NX v20.8.1 Daemon Server] - 2025-04-26T20:27:04.769Z - [REQUEST]: apps/admin-api/src/app/customer/customer.module.ts
[NX v20.8.1 Daemon Server] - 2025-04-26T20:27:04.769Z - [REQUEST]: 
[NX v20.8.1 Daemon Server] - 2025-04-26T20:27:04.774Z - Time taken for 'hash changed files from watcher' 3.0490999994799495ms
[NX v20.8.1 Daemon Server] - 2025-04-26T20:27:04.823Z - Time taken for 'build-project-configs' 20.997000000439584ms
[NX v20.8.1 Daemon Server] - 2025-04-26T20:27:04.824Z - Time taken for '@nxrocks/nx-flutter:createDependencies' 18.11490000039339ms
[NX v20.8.1 Daemon Server] - 2025-04-26T20:27:04.869Z - Time taken for 'total execution time for createProjectGraph()' 56.15139999985695ms
[NX v20.8.1 Daemon Server] - 2025-04-26T20:27:18.986Z - [WATCHER]: 0 file(s) created or restored, 16 file(s) modified, 0 file(s) deleted
[NX v20.8.1 Daemon Server] - 2025-04-26T20:27:18.987Z - [WATCHER]: Processing file changes in outputs
[NX v20.8.1 Daemon Server] - 2025-04-26T20:27:25.408Z - [REQUEST]: Updated workspace context based on watched changes, recomputing project graph...
[NX v20.8.1 Daemon Server] - 2025-04-26T20:27:25.408Z - [REQUEST]: apps/admin-api/src/app/service/dto/zone-price.dto.ts,apps/admin-api/src/app/customer/dto/customer-wallet.dto.ts,apps/admin-api/src/app/customer/dto/customer.dto.ts,apps/admin-api/src/app/service/dto/service-category.input.ts,apps/admin-api/src/app/service/dto/service-category.dto.ts,apps/admin-api/src/app/customer/dto/customer.input.ts,apps/admin-api/src/app/vehicle/dto/vehicle.authorizer.ts,apps/admin-api/src/app/order/dto/create-order.input.ts,apps/admin-api/src/app/customer/dto/customer-address.dto.ts,apps/admin-api/src/app/customer/dto/customer-transaction.dto.ts,apps/admin-api/src/app/service/dto/service-option.input.ts,apps/admin-api/src/app/customer/customer.module.ts,apps/admin-api/src/app/customer/dto/customer-transaction.input.ts,apps/admin-api/src/app/service/dto/zone-price.input.ts,apps/admin-api/src/app/customer/customer.resolver.ts,apps/admin-api/src/app/driver/dto/driver.dto.ts
[NX v20.8.1 Daemon Server] - 2025-04-26T20:27:25.408Z - [REQUEST]: 
[NX v20.8.1 Daemon Server] - 2025-04-26T20:27:25.413Z - Time taken for 'hash changed files from watcher' 14.686700000427663ms
[NX v20.8.1 Daemon Server] - 2025-04-26T20:27:25.464Z - Time taken for 'build-project-configs' 22.85289999935776ms
[NX v20.8.1 Daemon Server] - 2025-04-26T20:27:25.466Z - Time taken for '@nxrocks/nx-flutter:createDependencies' 17.939399999566376ms
[NX v20.8.1 Daemon Server] - 2025-04-26T20:27:25.523Z - Time taken for 'total execution time for createProjectGraph()' 66.12050000019372ms
[NX v20.8.1 Daemon Server] - 2025-04-26T20:32:22.167Z - [WATCHER]: 0 file(s) created or restored, 15 file(s) modified, 0 file(s) deleted
[NX v20.8.1 Daemon Server] - 2025-04-26T20:32:22.167Z - [WATCHER]: Processing file changes in outputs
[NX v20.8.1 Daemon Server] - 2025-04-26T20:32:28.598Z - [REQUEST]: Updated workspace context based on watched changes, recomputing project graph...
[NX v20.8.1 Daemon Server] - 2025-04-26T20:32:28.598Z - [REQUEST]: apps/admin-api/src/app/accounting/dto/provider-transaction.input.ts,apps/admin-api/src/app/fleet/dto/fleet.authorizer.ts,apps/admin-api/src/app/fleet/dto/fleet.input.ts,apps/admin-api/src/app/fleet/dto/fleet-transaction.input.ts,apps/admin-api/src/app/fleet/dto/fleet-transaction.dto.ts,apps/admin-api/src/app/feedback/feedback.module.ts,apps/admin-api/src/app/fleet/dto/fleet-wallet.dto.ts,apps/admin-api/src/app/feedback/dto/feedback-parameter.input.ts,apps/admin-api/src/app/fleet/fleet.module.ts,apps/admin-api/src/app/accounting/dto/provider-transaction.dto.ts,apps/admin-api/src/app/fleet/dto/fleet.dto.ts,apps/admin-api/src/app/feedback/dto/feedback-parameter.authorizer.ts,apps/admin-api/src/app/fleet/fleet.resolver.ts,apps/admin-api/src/app/feedback/dto/feedback.dto.ts,apps/admin-api/src/app/feedback/dto/feedback-parameter.dto.ts
[NX v20.8.1 Daemon Server] - 2025-04-26T20:32:28.598Z - [REQUEST]: 
[NX v20.8.1 Daemon Server] - 2025-04-26T20:32:28.602Z - Time taken for 'hash changed files from watcher' 21.503400000743568ms
[NX v20.8.1 Daemon Server] - 2025-04-26T20:32:28.650Z - Time taken for 'build-project-configs' 20.235400000587106ms
[NX v20.8.1 Daemon Server] - 2025-04-26T20:32:28.650Z - Time taken for '@nxrocks/nx-flutter:createDependencies' 16.07480000052601ms
[NX v20.8.1 Daemon Server] - 2025-04-26T20:32:28.700Z - Time taken for 'total execution time for createProjectGraph()' 58.845799999311566ms
[NX v20.8.1 Daemon Server] - 2025-04-26T20:48:09.410Z - [WATCHER]: Processing file changes in outputs
[NX v20.8.1 Daemon Server] - 2025-04-26T20:48:09.412Z - [WATCHER]: apps/admin-api.zip was modified
[NX v20.8.1 Daemon Server] - 2025-04-26T20:48:10.486Z - [WATCHER]: Processing file changes in outputs
[NX v20.8.1 Daemon Server] - 2025-04-26T20:48:10.487Z - [WATCHER]: apps/admin-api.zip was modified
[NX v20.8.1 Daemon Server] - 2025-04-26T20:48:15.833Z - [REQUEST]: Updated workspace context based on watched changes, recomputing project graph...
[NX v20.8.1 Daemon Server] - 2025-04-26T20:48:15.833Z - [REQUEST]: apps/admin-api.zip
[NX v20.8.1 Daemon Server] - 2025-04-26T20:48:15.833Z - [REQUEST]: 
[NX v20.8.1 Daemon Server] - 2025-04-26T20:48:15.837Z - Time taken for 'hash changed files from watcher' 9.593799999915063ms
[NX v20.8.1 Daemon Server] - 2025-04-26T20:48:15.881Z - Time taken for 'build-project-configs' 18.678700000047684ms
[NX v20.8.1 Daemon Server] - 2025-04-26T20:48:15.881Z - Time taken for '@nxrocks/nx-flutter:createDependencies' 14.778199999593198ms
[NX v20.8.1 Daemon Server] - 2025-04-26T20:48:15.922Z - Time taken for 'total execution time for createProjectGraph()' 47.723500000312924ms
[NX v20.8.1 Daemon Server] - 2025-04-26T20:48:23.795Z - [WATCHER]: Processing file changes in outputs
[NX v20.8.1 Daemon Server] - 2025-04-26T20:48:23.796Z - [WATCHER]: 1 file(s) created or restored, 0 file(s) modified, 1 file(s) deleted
[NX v20.8.1 Daemon Server] - 2025-04-26T20:48:23.913Z - [REQUEST]: Updated workspace context based on watched changes, recomputing project graph...
[NX v20.8.1 Daemon Server] - 2025-04-26T20:48:23.913Z - [REQUEST]: apps/apps.zip
[NX v20.8.1 Daemon Server] - 2025-04-26T20:48:23.913Z - [REQUEST]: apps/admin-api.zip
[NX v20.8.1 Daemon Server] - 2025-04-26T20:48:23.918Z - Time taken for 'hash changed files from watcher' 10.388600000180304ms
[NX v20.8.1 Daemon Server] - 2025-04-26T20:48:23.976Z - Time taken for 'build-project-configs' 19.63469999935478ms
[NX v20.8.1 Daemon Server] - 2025-04-26T20:48:23.977Z - Time taken for '@nxrocks/nx-flutter:createDependencies' 22.13870000001043ms
[NX v20.8.1 Daemon Server] - 2025-04-26T20:48:24.037Z - Time taken for 'total execution time for createProjectGraph()' 68.55240000039339ms
[NX v20.8.1 Daemon Server] - 2025-04-26T20:50:44.266Z - [WATCHER]: apps/rider-frontend/build was deleted
[NX v20.8.1 Daemon Server] - 2025-04-26T20:50:44.267Z - [WATCHER]: Processing file changes in outputs
[NX v20.8.1 Daemon Server] - 2025-04-26T20:50:44.472Z - [REQUEST]: Updated workspace context based on watched changes, recomputing project graph...
[NX v20.8.1 Daemon Server] - 2025-04-26T20:50:44.472Z - [REQUEST]: 
[NX v20.8.1 Daemon Server] - 2025-04-26T20:50:44.472Z - [REQUEST]: apps/rider-frontend/build
[NX v20.8.1 Daemon Server] - 2025-04-26T20:50:44.477Z - Time taken for 'hash changed files from watcher' 3.9652000004425645ms
[NX v20.8.1 Daemon Server] - 2025-04-26T20:50:44.530Z - Time taken for 'build-project-configs' 22.45380000025034ms
[NX v20.8.1 Daemon Server] - 2025-04-26T20:50:44.532Z - Time taken for '@nxrocks/nx-flutter:createDependencies' 19.157800000160933ms
[NX v20.8.1 Daemon Server] - 2025-04-26T20:50:44.579Z - Time taken for 'total execution time for createProjectGraph()' 54.07809999957681ms
[NX v20.8.1 Daemon Server] - 2025-04-26T20:50:58.172Z - [WATCHER]: Processing file changes in outputs
[NX v20.8.1 Daemon Server] - 2025-04-26T20:50:58.173Z - [WATCHER]: apps/driver-frontend/build was deleted
[NX v20.8.1 Daemon Server] - 2025-04-26T20:50:58.584Z - [REQUEST]: Updated workspace context based on watched changes, recomputing project graph...
[NX v20.8.1 Daemon Server] - 2025-04-26T20:50:58.584Z - [REQUEST]: 
[NX v20.8.1 Daemon Server] - 2025-04-26T20:50:58.584Z - [REQUEST]: apps/driver-frontend/build
[NX v20.8.1 Daemon Server] - 2025-04-26T20:50:58.589Z - Time taken for 'hash changed files from watcher' 4.599700000137091ms
[NX v20.8.1 Daemon Server] - 2025-04-26T20:50:58.660Z - Time taken for 'build-project-configs' 22.573599999770522ms
[NX v20.8.1 Daemon Server] - 2025-04-26T20:50:58.661Z - Time taken for '@nxrocks/nx-flutter:createDependencies' 25.189500000327826ms
[NX v20.8.1 Daemon Server] - 2025-04-26T20:50:58.713Z - Time taken for 'total execution time for createProjectGraph()' 68.52740000002086ms
[NX v20.8.1 Daemon Server] - 2025-04-26T21:14:58.878Z - [WATCHER]: 0 file(s) created or restored, 10 file(s) modified, 0 file(s) deleted
[NX v20.8.1 Daemon Server] - 2025-04-26T21:14:58.881Z - [WATCHER]: Processing file changes in outputs
[NX v20.8.1 Daemon Server] - 2025-04-26T21:14:58.881Z - [WATCHER]: Stopping the watcher for F:\Car-Go-CZ-1 (sources)
[NX v20.8.1 Daemon Server] - 2025-04-26T21:14:58.881Z - [WATCHER]: Stopping the watcher for F:\Car-Go-CZ-1 (outputs)
[NX v20.8.1 Daemon Server] - 2025-04-26T21:14:58.884Z - Server stopped because: "Stopping the daemon the set of ignored files changed (native)"
